<?xml version="1.0" encoding="UTF-8"?>
<testsuite xmlns:xsi="http://www.w3.org/2001/XMLSchema-instance" xsi:noNamespaceSchemaLocation="https://maven.apache.org/surefire/maven-surefire-plugin/xsd/surefire-test-report-3.0.xsd" version="3.0" name="runners.RunCucumberTest" time="854.812" tests="50" errors="2" skipped="0" failures="5">
  <properties>
[...]
</properties>
  <testcase name="I can see the error message when search without the month" classname="Call Overview" time="10.321">
    <system-out><![CDATA[
@CallOverview
Scenario: I can see the error message when search without the month # src/test/resources/features/call_overview/CallOverview.feature:17
  Given I am on the ifocus page                                     # steps.auth.LoginSteps.iAmOnTheLoginPage()
  Then I should see the login page                                  # steps.auth.LoginSteps.iShouldSeeTheLoginPage()
  When I input the credentials                                      # steps.auth.LoginSteps.iInputTheCredentials()
  And I click the login button                                      # steps.auth.LoginSteps.iClickTheLoginButton()
  Then I should see the dashboard                                   # steps.auth.LoginSteps.iShouldSeeTheDashboard()
  When I am on the change rayon page                                # steps.change_rayon.ChangeRayonSteps.iAmOnTheChangeRayonPage()
  Then I should see the change rayon page                           # steps.change_rayon.ChangeRayonSteps.iShouldSeeTheChangeRayonPage()
  And I should see the rayon code input                             # steps.change_rayon.ChangeRayonSteps.iShouldSeeTheRayonCodeInput()
  When I input the rayon code "TGRVIC0103"                          # steps.change_rayon.ChangeRayonSteps.iInputTheRayonCode(java.lang.String)
  When I click the change rayon code session button                 # steps.change_rayon.ChangeRayonSteps.iClickTheChangeRayonCodeSessionButton()
  Then I should see the change rayon code success message           # steps.change_rayon.ChangeRayonSteps.iShouldSeeTheChangeRayonCodeSuccessMessage()
  Given I am on the call overview page                              # steps.call_overview.CallOverviewSteps.iAmOnTheCallOverviewPage()
  When I click the search button                                    # steps.call_overview.CallOverviewSteps.iClickTheSearchButton()
  Then I should see the input error message                         # steps.call_recomendation.CallRecomendationSteps.iShouldSeeTheErrorMessage()
]]></system-out>
    <system-err><![CDATA[SLF4J: Failed to load class "org.slf4j.impl.StaticLoggerBinder".
SLF4J: Defaulting to no-operation (NOP) logger implementation
SLF4J: See http://www.slf4j.org/codes.html#StaticLoggerBinder for further details.
Nov 28, 2024 4:49:42 PM org.openqa.selenium.remote.tracing.opentelemetry.OpenTelemetryTracer createTracer
INFO: Using OpenTelemetry for tracing
]]></system-err>
  </testcase>
  <testcase name="I can see the search result" classname="Call Overview" time="14.707">
    <system-out><![CDATA[
@CallOverview
Scenario: I can see the search result                     # src/test/resources/features/call_overview/CallOverview.feature:22
  Given I am on the ifocus page                           # steps.auth.LoginSteps.iAmOnTheLoginPage()
  Then I should see the login page                        # steps.auth.LoginSteps.iShouldSeeTheLoginPage()
  When I input the credentials                            # steps.auth.LoginSteps.iInputTheCredentials()
  And I click the login button                            # steps.auth.LoginSteps.iClickTheLoginButton()
  Then I should see the dashboard                         # steps.auth.LoginSteps.iShouldSeeTheDashboard()
  When I am on the change rayon page                      # steps.change_rayon.ChangeRayonSteps.iAmOnTheChangeRayonPage()
  Then I should see the change rayon page                 # steps.change_rayon.ChangeRayonSteps.iShouldSeeTheChangeRayonPage()
  And I should see the rayon code input                   # steps.change_rayon.ChangeRayonSteps.iShouldSeeTheRayonCodeInput()
  When I input the rayon code "TGRVIC0103"                # steps.change_rayon.ChangeRayonSteps.iInputTheRayonCode(java.lang.String)
  When I click the change rayon code session button       # steps.change_rayon.ChangeRayonSteps.iClickTheChangeRayonCodeSessionButton()
  Then I should see the change rayon code success message # steps.change_rayon.ChangeRayonSteps.iShouldSeeTheChangeRayonCodeSuccessMessage()
  Given I am on the call overview page                    # steps.call_overview.CallOverviewSteps.iAmOnTheCallOverviewPage()
  When I input the month "2" of "2024" year               # steps.call_overview.CallOverviewSteps.iInputTheMonthOfYear(java.lang.String,java.lang.String)
  And I click the search button                           # steps.call_overview.CallOverviewSteps.iClickTheSearchButton()
  Then I should see the result of overview                # steps.call_overview.CallOverviewSteps.iShouldSeeTheResultOfOverview()
]]></system-out>
  </testcase>
  <testcase name="I can switch to weekly tab" classname="Call Overview" time="8.135">
    <system-out><![CDATA[
@CallOverview
Scenario: I can switch to weekly tab                      # src/test/resources/features/call_overview/CallOverview.feature:28
  Given I am on the ifocus page                           # steps.auth.LoginSteps.iAmOnTheLoginPage()
  Then I should see the login page                        # steps.auth.LoginSteps.iShouldSeeTheLoginPage()
  When I input the credentials                            # steps.auth.LoginSteps.iInputTheCredentials()
  And I click the login button                            # steps.auth.LoginSteps.iClickTheLoginButton()
  Then I should see the dashboard                         # steps.auth.LoginSteps.iShouldSeeTheDashboard()
  When I am on the change rayon page                      # steps.change_rayon.ChangeRayonSteps.iAmOnTheChangeRayonPage()
  Then I should see the change rayon page                 # steps.change_rayon.ChangeRayonSteps.iShouldSeeTheChangeRayonPage()
  And I should see the rayon code input                   # steps.change_rayon.ChangeRayonSteps.iShouldSeeTheRayonCodeInput()
  When I input the rayon code "TGRVIC0103"                # steps.change_rayon.ChangeRayonSteps.iInputTheRayonCode(java.lang.String)
  When I click the change rayon code session button       # steps.change_rayon.ChangeRayonSteps.iClickTheChangeRayonCodeSessionButton()
  Then I should see the change rayon code success message # steps.change_rayon.ChangeRayonSteps.iShouldSeeTheChangeRayonCodeSuccessMessage()
  Given I am on the call overview page                    # steps.call_overview.CallOverviewSteps.iAmOnTheCallOverviewPage()
  When I switch to weekly tab                             # steps.call_overview.CallOverviewSteps.iSwitchToWeeklyTab()
  Then I should see the weekly tab                        # steps.call_overview.CallOverviewSteps.iShouldSeeTheWeeklyTab()
]]></system-out>
  </testcase>
  <testcase name="I can use sort by name ascending" classname="Call Overview" time="22.816">
    <system-out><![CDATA[
@CallOverview
Scenario: I can use sort by name ascending                  # src/test/resources/features/call_overview/CallOverview.feature:33
  Given I am on the ifocus page                             # steps.auth.LoginSteps.iAmOnTheLoginPage()
  Then I should see the login page                          # steps.auth.LoginSteps.iShouldSeeTheLoginPage()
  When I input the credentials                              # steps.auth.LoginSteps.iInputTheCredentials()
  And I click the login button                              # steps.auth.LoginSteps.iClickTheLoginButton()
  Then I should see the dashboard                           # steps.auth.LoginSteps.iShouldSeeTheDashboard()
  When I am on the change rayon page                        # steps.change_rayon.ChangeRayonSteps.iAmOnTheChangeRayonPage()
  Then I should see the change rayon page                   # steps.change_rayon.ChangeRayonSteps.iShouldSeeTheChangeRayonPage()
  And I should see the rayon code input                     # steps.change_rayon.ChangeRayonSteps.iShouldSeeTheRayonCodeInput()
  When I input the rayon code "TGRVIC0103"                  # steps.change_rayon.ChangeRayonSteps.iInputTheRayonCode(java.lang.String)
  When I click the change rayon code session button         # steps.change_rayon.ChangeRayonSteps.iClickTheChangeRayonCodeSessionButton()
  Then I should see the change rayon code success message   # steps.change_rayon.ChangeRayonSteps.iShouldSeeTheChangeRayonCodeSuccessMessage()
  Given I am on the call overview page                      # steps.call_overview.CallOverviewSteps.iAmOnTheCallOverviewPage()
  When I input the month "2" of "2024" year                 # steps.call_overview.CallOverviewSteps.iInputTheMonthOfYear(java.lang.String,java.lang.String)
  And I click the search button                             # steps.call_overview.CallOverviewSteps.iClickTheSearchButton()
  Then I should see the result of overview                  # steps.call_overview.CallOverviewSteps.iShouldSeeTheResultOfOverview()
  When I click the sort by "Person Name" button "ascending" # steps.call_overview.CallOverviewSteps.iClickTheSortByNameButton(java.lang.String,java.lang.String)
  Then I can see the sorted "Person Name" by "ascending"    # steps.call_overview.CallOverviewSteps.iCanSeeTheSortedDoctorNames(java.lang.String,java.lang.String)
]]></system-out>
  </testcase>
  <testcase name="I can use sort by name descending" classname="Call Overview" time="18.335">
    <system-out><![CDATA[
@CallOverview
Scenario: I can use sort by name descending                  # src/test/resources/features/call_overview/CallOverview.feature:41
  Given I am on the ifocus page                              # steps.auth.LoginSteps.iAmOnTheLoginPage()
  Then I should see the login page                           # steps.auth.LoginSteps.iShouldSeeTheLoginPage()
  When I input the credentials                               # steps.auth.LoginSteps.iInputTheCredentials()
  And I click the login button                               # steps.auth.LoginSteps.iClickTheLoginButton()
  Then I should see the dashboard                            # steps.auth.LoginSteps.iShouldSeeTheDashboard()
  When I am on the change rayon page                         # steps.change_rayon.ChangeRayonSteps.iAmOnTheChangeRayonPage()
  Then I should see the change rayon page                    # steps.change_rayon.ChangeRayonSteps.iShouldSeeTheChangeRayonPage()
  And I should see the rayon code input                      # steps.change_rayon.ChangeRayonSteps.iShouldSeeTheRayonCodeInput()
  When I input the rayon code "TGRVIC0103"                   # steps.change_rayon.ChangeRayonSteps.iInputTheRayonCode(java.lang.String)
  When I click the change rayon code session button          # steps.change_rayon.ChangeRayonSteps.iClickTheChangeRayonCodeSessionButton()
  Then I should see the change rayon code success message    # steps.change_rayon.ChangeRayonSteps.iShouldSeeTheChangeRayonCodeSuccessMessage()
  Given I am on the call overview page                       # steps.call_overview.CallOverviewSteps.iAmOnTheCallOverviewPage()
  When I input the month "2" of "2024" year                  # steps.call_overview.CallOverviewSteps.iInputTheMonthOfYear(java.lang.String,java.lang.String)
  And I click the search button                              # steps.call_overview.CallOverviewSteps.iClickTheSearchButton()
  Then I should see the result of overview                   # steps.call_overview.CallOverviewSteps.iShouldSeeTheResultOfOverview()
  When I click the sort by "Person Name" button "descending" # steps.call_overview.CallOverviewSteps.iClickTheSortByNameButton(java.lang.String,java.lang.String)
  Then I can see the sorted "Person Name" by "descending"    # steps.call_overview.CallOverviewSteps.iCanSeeTheSortedDoctorNames(java.lang.String,java.lang.String)
]]></system-out>
  </testcase>
  <testcase name="I can filter the doctor by name" classname="Call Overview" time="20.795">
    <system-out><![CDATA[
@CallOverview
Scenario: I can filter the doctor by name                       # src/test/resources/features/call_overview/CallOverview.feature:49
  Given I am on the ifocus page                                 # steps.auth.LoginSteps.iAmOnTheLoginPage()
  Then I should see the login page                              # steps.auth.LoginSteps.iShouldSeeTheLoginPage()
  When I input the credentials                                  # steps.auth.LoginSteps.iInputTheCredentials()
  And I click the login button                                  # steps.auth.LoginSteps.iClickTheLoginButton()
  Then I should see the dashboard                               # steps.auth.LoginSteps.iShouldSeeTheDashboard()
  When I am on the change rayon page                            # steps.change_rayon.ChangeRayonSteps.iAmOnTheChangeRayonPage()
  Then I should see the change rayon page                       # steps.change_rayon.ChangeRayonSteps.iShouldSeeTheChangeRayonPage()
  And I should see the rayon code input                         # steps.change_rayon.ChangeRayonSteps.iShouldSeeTheRayonCodeInput()
  When I input the rayon code "TGRVIC0103"                      # steps.change_rayon.ChangeRayonSteps.iInputTheRayonCode(java.lang.String)
  When I click the change rayon code session button             # steps.change_rayon.ChangeRayonSteps.iClickTheChangeRayonCodeSessionButton()
  Then I should see the change rayon code success message       # steps.change_rayon.ChangeRayonSteps.iShouldSeeTheChangeRayonCodeSuccessMessage()
  Given I am on the call overview page                          # steps.call_overview.CallOverviewSteps.iAmOnTheCallOverviewPage()
  When I input the month "2" of "2024" year                     # steps.call_overview.CallOverviewSteps.iInputTheMonthOfYear(java.lang.String,java.lang.String)
  And I click the search button                                 # steps.call_overview.CallOverviewSteps.iClickTheSearchButton()
  Then I should see the result of overview                      # steps.call_overview.CallOverviewSteps.iShouldSeeTheResultOfOverview()
  When I can filter the doctor by "Person Name" with value "AD" # steps.call_overview.CallOverviewSteps.iCanFilterTheDoctorBy(java.lang.String,java.lang.String)
  Then I can see the filtered doctor names "AD"                 # steps.call_overview.CallOverviewSteps.iCanSeeTheFilteredDoctorNames(java.lang.String)
]]></system-out>
  </testcase>
  <testcase name="I can reset the filter of doctor name" classname="Call Overview" time="13.266">
    <system-out><![CDATA[
@CallOverview
Scenario: I can reset the filter of doctor name             # src/test/resources/features/call_overview/CallOverview.feature:57
  Given I am on the ifocus page                             # steps.auth.LoginSteps.iAmOnTheLoginPage()
  Then I should see the login page                          # steps.auth.LoginSteps.iShouldSeeTheLoginPage()
  When I input the credentials                              # steps.auth.LoginSteps.iInputTheCredentials()
  And I click the login button                              # steps.auth.LoginSteps.iClickTheLoginButton()
  Then I should see the dashboard                           # steps.auth.LoginSteps.iShouldSeeTheDashboard()
  When I am on the change rayon page                        # steps.change_rayon.ChangeRayonSteps.iAmOnTheChangeRayonPage()
  Then I should see the change rayon page                   # steps.change_rayon.ChangeRayonSteps.iShouldSeeTheChangeRayonPage()
  And I should see the rayon code input                     # steps.change_rayon.ChangeRayonSteps.iShouldSeeTheRayonCodeInput()
  When I input the rayon code "TGRVIC0103"                  # steps.change_rayon.ChangeRayonSteps.iInputTheRayonCode(java.lang.String)
  When I click the change rayon code session button         # steps.change_rayon.ChangeRayonSteps.iClickTheChangeRayonCodeSessionButton()
  Then I should see the change rayon code success message   # steps.change_rayon.ChangeRayonSteps.iShouldSeeTheChangeRayonCodeSuccessMessage()
  Given I am on the call overview page                      # steps.call_overview.CallOverviewSteps.iAmOnTheCallOverviewPage()
  When I input the month "2" of "2024" year                 # steps.call_overview.CallOverviewSteps.iInputTheMonthOfYear(java.lang.String,java.lang.String)
  And I click the search button                             # steps.call_overview.CallOverviewSteps.iClickTheSearchButton()
  Then I should see the result of overview                  # steps.call_overview.CallOverviewSteps.iShouldSeeTheResultOfOverview()
  When I reset the filter by "Person Name"                  # steps.call_overview.CallOverviewSteps.iResetTheFilterBy(java.lang.String)
  Then I can see the input filter of "Person Name" is empty # steps.call_overview.CallOverviewSteps.iCanSeeTheInputFilterOfIsEmpty(java.lang.String)
]]></system-out>
  </testcase>
  <testcase name="I can use sort by class descending" classname="Call Overview" time="18.581">
    <system-out><![CDATA[
@CallOverview
Scenario: I can use sort by class descending              # src/test/resources/features/call_overview/CallOverview.feature:65
  Given I am on the ifocus page                           # steps.auth.LoginSteps.iAmOnTheLoginPage()
  Then I should see the login page                        # steps.auth.LoginSteps.iShouldSeeTheLoginPage()
  When I input the credentials                            # steps.auth.LoginSteps.iInputTheCredentials()
  And I click the login button                            # steps.auth.LoginSteps.iClickTheLoginButton()
  Then I should see the dashboard                         # steps.auth.LoginSteps.iShouldSeeTheDashboard()
  When I am on the change rayon page                      # steps.change_rayon.ChangeRayonSteps.iAmOnTheChangeRayonPage()
  Then I should see the change rayon page                 # steps.change_rayon.ChangeRayonSteps.iShouldSeeTheChangeRayonPage()
  And I should see the rayon code input                   # steps.change_rayon.ChangeRayonSteps.iShouldSeeTheRayonCodeInput()
  When I input the rayon code "TGRVIC0103"                # steps.change_rayon.ChangeRayonSteps.iInputTheRayonCode(java.lang.String)
  When I click the change rayon code session button       # steps.change_rayon.ChangeRayonSteps.iClickTheChangeRayonCodeSessionButton()
  Then I should see the change rayon code success message # steps.change_rayon.ChangeRayonSteps.iShouldSeeTheChangeRayonCodeSuccessMessage()
  Given I am on the call overview page                    # steps.call_overview.CallOverviewSteps.iAmOnTheCallOverviewPage()
  When I input the month "2" of "2024" year               # steps.call_overview.CallOverviewSteps.iInputTheMonthOfYear(java.lang.String,java.lang.String)
  And I click the search button                           # steps.call_overview.CallOverviewSteps.iClickTheSearchButton()
  Then I should see the result of overview                # steps.call_overview.CallOverviewSteps.iShouldSeeTheResultOfOverview()
  When I click the sort by "Class" button "descending"    # steps.call_overview.CallOverviewSteps.iClickTheSortByNameButton(java.lang.String,java.lang.String)
]]></system-out>
  </testcase>
  <testcase name="I can see the call recomendation page" classname="Call Recommendation" time="8.213">
    <system-out><![CDATA[
@CallRecomendation
Scenario: I can see the call recomendation page           # src/test/resources/features/call_recomendation/CallRecomendation.feature:16
  Given I am on the ifocus page                           # steps.auth.LoginSteps.iAmOnTheLoginPage()
  Then I should see the login page                        # steps.auth.LoginSteps.iShouldSeeTheLoginPage()
  When I input the credentials                            # steps.auth.LoginSteps.iInputTheCredentials()
  And I click the login button                            # steps.auth.LoginSteps.iClickTheLoginButton()
  Then I should see the dashboard                         # steps.auth.LoginSteps.iShouldSeeTheDashboard()
  When I am on the change rayon page                      # steps.change_rayon.ChangeRayonSteps.iAmOnTheChangeRayonPage()
  Then I should see the change rayon page                 # steps.change_rayon.ChangeRayonSteps.iShouldSeeTheChangeRayonPage()
  And I should see the rayon code input                   # steps.change_rayon.ChangeRayonSteps.iShouldSeeTheRayonCodeInput()
  When I input the rayon code "TGRVIC0103"                # steps.change_rayon.ChangeRayonSteps.iInputTheRayonCode(java.lang.String)
  When I click the change rayon code session button       # steps.change_rayon.ChangeRayonSteps.iClickTheChangeRayonCodeSessionButton()
  Then I should see the change rayon code success message # steps.change_rayon.ChangeRayonSteps.iShouldSeeTheChangeRayonCodeSuccessMessage()
  Given I am on the call recomendation page               # steps.call_recomendation.CallRecomendationSteps.iAmOnTheCallRecomendationPage()
  Then I should see the call recomendation page           # steps.call_recomendation.CallRecomendationSteps.iShouldSeeTheCallRecomendationPage()
]]></system-out>
  </testcase>
  <testcase name="I can simulate the call recomendation" classname="Call Recommendation" time="48.878">
    <system-out><![CDATA[
@CallRecomendation
Scenario: I can simulate the call recomendation           # src/test/resources/features/call_recomendation/CallRecomendation.feature:20
  Given I am on the ifocus page                           # steps.auth.LoginSteps.iAmOnTheLoginPage()
  Then I should see the login page                        # steps.auth.LoginSteps.iShouldSeeTheLoginPage()
  When I input the credentials                            # steps.auth.LoginSteps.iInputTheCredentials()
  And I click the login button                            # steps.auth.LoginSteps.iClickTheLoginButton()
  Then I should see the dashboard                         # steps.auth.LoginSteps.iShouldSeeTheDashboard()
  When I am on the change rayon page                      # steps.change_rayon.ChangeRayonSteps.iAmOnTheChangeRayonPage()
  Then I should see the change rayon page                 # steps.change_rayon.ChangeRayonSteps.iShouldSeeTheChangeRayonPage()
  And I should see the rayon code input                   # steps.change_rayon.ChangeRayonSteps.iShouldSeeTheRayonCodeInput()
  When I input the rayon code "TGRVIC0103"                # steps.change_rayon.ChangeRayonSteps.iInputTheRayonCode(java.lang.String)
  When I click the change rayon code session button       # steps.change_rayon.ChangeRayonSteps.iClickTheChangeRayonCodeSessionButton()
  Then I should see the change rayon code success message # steps.change_rayon.ChangeRayonSteps.iShouldSeeTheChangeRayonCodeSuccessMessage()
  Given I am on the call recomendation page               # steps.call_recomendation.CallRecomendationSteps.iAmOnTheCallRecomendationPage()
  Then I should see the call recomendation page           # steps.call_recomendation.CallRecomendationSteps.iShouldSeeTheCallRecomendationPage()
  When I input the "45" week of "2024" year               # steps.call_recomendation.CallRecomendationSteps.iInputTheWeek(java.lang.String,java.lang.String)
  And I click the simulate call button                    # steps.call_recomendation.CallRecomendationSteps.iClickTheSimulateCallButton()
Found 40 cards in DOM (might not be visible)
  Then I should see the docter card                       # steps.call_recomendation.CallRecomendationSteps.iShouldSeeDocterCard()
]]></system-out>
  </testcase>
  <testcase name="I can see the error message when simulate without the date" classname="Call Recommendation" time="16.218">
    <system-out><![CDATA[
@CallRecomendation
Scenario: I can see the error message when simulate without the date # src/test/resources/features/call_recomendation/CallRecomendation.feature:27
  Given I am on the ifocus page                                      # steps.auth.LoginSteps.iAmOnTheLoginPage()
  Then I should see the login page                                   # steps.auth.LoginSteps.iShouldSeeTheLoginPage()
  When I input the credentials                                       # steps.auth.LoginSteps.iInputTheCredentials()
  And I click the login button                                       # steps.auth.LoginSteps.iClickTheLoginButton()
  Then I should see the dashboard                                    # steps.auth.LoginSteps.iShouldSeeTheDashboard()
  When I am on the change rayon page                                 # steps.change_rayon.ChangeRayonSteps.iAmOnTheChangeRayonPage()
  Then I should see the change rayon page                            # steps.change_rayon.ChangeRayonSteps.iShouldSeeTheChangeRayonPage()
  And I should see the rayon code input                              # steps.change_rayon.ChangeRayonSteps.iShouldSeeTheRayonCodeInput()
  When I input the rayon code "TGRVIC0103"                           # steps.change_rayon.ChangeRayonSteps.iInputTheRayonCode(java.lang.String)
  When I click the change rayon code session button                  # steps.change_rayon.ChangeRayonSteps.iClickTheChangeRayonCodeSessionButton()
  Then I should see the change rayon code success message            # steps.change_rayon.ChangeRayonSteps.iShouldSeeTheChangeRayonCodeSuccessMessage()
  Given I am on the call recomendation page                          # steps.call_recomendation.CallRecomendationSteps.iAmOnTheCallRecomendationPage()
  Then I should see the call recomendation page                      # steps.call_recomendation.CallRecomendationSteps.iShouldSeeTheCallRecomendationPage()
  When I click the simulate call button                              # steps.call_recomendation.CallRecomendationSteps.iClickTheSimulateCallButton()
  Then I should see the input error message                          # steps.call_recomendation.CallRecomendationSteps.iShouldSeeTheErrorMessage()
]]></system-out>
  </testcase>
  <testcase name="I can reset the recomendation after simulate" classname="Call Recommendation" time="80.31">
    <system-out><![CDATA[
@CallRecomendation
Scenario: I can reset the recomendation after simulate    # src/test/resources/features/call_recomendation/CallRecomendation.feature:33
  Given I am on the ifocus page                           # steps.auth.LoginSteps.iAmOnTheLoginPage()
  Then I should see the login page                        # steps.auth.LoginSteps.iShouldSeeTheLoginPage()
  When I input the credentials                            # steps.auth.LoginSteps.iInputTheCredentials()
  And I click the login button                            # steps.auth.LoginSteps.iClickTheLoginButton()
  Then I should see the dashboard                         # steps.auth.LoginSteps.iShouldSeeTheDashboard()
  When I am on the change rayon page                      # steps.change_rayon.ChangeRayonSteps.iAmOnTheChangeRayonPage()
  Then I should see the change rayon page                 # steps.change_rayon.ChangeRayonSteps.iShouldSeeTheChangeRayonPage()
  And I should see the rayon code input                   # steps.change_rayon.ChangeRayonSteps.iShouldSeeTheRayonCodeInput()
  When I input the rayon code "TGRVIC0103"                # steps.change_rayon.ChangeRayonSteps.iInputTheRayonCode(java.lang.String)
  When I click the change rayon code session button       # steps.change_rayon.ChangeRayonSteps.iClickTheChangeRayonCodeSessionButton()
  Then I should see the change rayon code success message # steps.change_rayon.ChangeRayonSteps.iShouldSeeTheChangeRayonCodeSuccessMessage()
  Given I am on the call recomendation page               # steps.call_recomendation.CallRecomendationSteps.iAmOnTheCallRecomendationPage()
  Then I should see the call recomendation page           # steps.call_recomendation.CallRecomendationSteps.iShouldSeeTheCallRecomendationPage()
  When I input the "45" week of "2024" year               # steps.call_recomendation.CallRecomendationSteps.iInputTheWeek(java.lang.String,java.lang.String)
  And I click the simulate call button                    # steps.call_recomendation.CallRecomendationSteps.iClickTheSimulateCallButton()
Found 40 cards in DOM (might not be visible)
  Then I should see the docter card                       # steps.call_recomendation.CallRecomendationSteps.iShouldSeeDocterCard()
  When I click the reset button                           # steps.call_recomendation.CallRecomendationSteps.iClickResetButton()
  Then I should see the empty datepicker and doctor card  # steps.call_recomendation.CallRecomendationSteps.iShouldSeeTheEmptyDatepickerAndDoctorCard()
]]></system-out>
  </testcase>
  <testcase name="I can see the error message when simulate with invalid date" classname="Call Recommendation" time="8.959">
    <system-out><![CDATA[
@CallRecomendation
Scenario: I can see the error message when simulate with invalid date # src/test/resources/features/call_recomendation/CallRecomendation.feature:42
  Given I am on the ifocus page                                       # steps.auth.LoginSteps.iAmOnTheLoginPage()
  Then I should see the login page                                    # steps.auth.LoginSteps.iShouldSeeTheLoginPage()
  When I input the credentials                                        # steps.auth.LoginSteps.iInputTheCredentials()
  And I click the login button                                        # steps.auth.LoginSteps.iClickTheLoginButton()
  Then I should see the dashboard                                     # steps.auth.LoginSteps.iShouldSeeTheDashboard()
  When I am on the change rayon page                                  # steps.change_rayon.ChangeRayonSteps.iAmOnTheChangeRayonPage()
  Then I should see the change rayon page                             # steps.change_rayon.ChangeRayonSteps.iShouldSeeTheChangeRayonPage()
  And I should see the rayon code input                               # steps.change_rayon.ChangeRayonSteps.iShouldSeeTheRayonCodeInput()
  When I input the rayon code "TGRVIC0103"                            # steps.change_rayon.ChangeRayonSteps.iInputTheRayonCode(java.lang.String)
  When I click the change rayon code session button                   # steps.change_rayon.ChangeRayonSteps.iClickTheChangeRayonCodeSessionButton()
  Then I should see the change rayon code success message             # steps.change_rayon.ChangeRayonSteps.iShouldSeeTheChangeRayonCodeSuccessMessage()
  Given I am on the call recomendation page                           # steps.call_recomendation.CallRecomendationSteps.iAmOnTheCallRecomendationPage()
  Then I should see the call recomendation page                       # steps.call_recomendation.CallRecomendationSteps.iShouldSeeTheCallRecomendationPage()
  When I input invalid date                                           # steps.call_recomendation.CallRecomendationSteps.iInputInvalidDate()
  And I click the simulate call button                                # steps.call_recomendation.CallRecomendationSteps.iClickTheSimulateCallButton()
  Then I should see the input error message                           # steps.call_recomendation.CallRecomendationSteps.iShouldSeeTheErrorMessage()
]]></system-out>
  </testcase>
  <testcase name="I can see warning when simulate old date" classname="Call Recommendation" time="22.158">
    <system-out><![CDATA[
@CallRecomendation
Scenario: I can see warning when simulate old date        # src/test/resources/features/call_recomendation/CallRecomendation.feature:49
  Given I am on the ifocus page                           # steps.auth.LoginSteps.iAmOnTheLoginPage()
  Then I should see the login page                        # steps.auth.LoginSteps.iShouldSeeTheLoginPage()
  When I input the credentials                            # steps.auth.LoginSteps.iInputTheCredentials()
  And I click the login button                            # steps.auth.LoginSteps.iClickTheLoginButton()
  Then I should see the dashboard                         # steps.auth.LoginSteps.iShouldSeeTheDashboard()
  When I am on the change rayon page                      # steps.change_rayon.ChangeRayonSteps.iAmOnTheChangeRayonPage()
  Then I should see the change rayon page                 # steps.change_rayon.ChangeRayonSteps.iShouldSeeTheChangeRayonPage()
  And I should see the rayon code input                   # steps.change_rayon.ChangeRayonSteps.iShouldSeeTheRayonCodeInput()
  When I input the rayon code "TGRVIC0103"                # steps.change_rayon.ChangeRayonSteps.iInputTheRayonCode(java.lang.String)
  When I click the change rayon code session button       # steps.change_rayon.ChangeRayonSteps.iClickTheChangeRayonCodeSessionButton()
  Then I should see the change rayon code success message # steps.change_rayon.ChangeRayonSteps.iShouldSeeTheChangeRayonCodeSuccessMessage()
  Given I am on the call recomendation page               # steps.call_recomendation.CallRecomendationSteps.iAmOnTheCallRecomendationPage()
  Then I should see the call recomendation page           # steps.call_recomendation.CallRecomendationSteps.iShouldSeeTheCallRecomendationPage()
  When I input the "45" week of "2020" year               # steps.call_recomendation.CallRecomendationSteps.iInputTheWeek(java.lang.String,java.lang.String)
  And I click the simulate call button                    # steps.call_recomendation.CallRecomendationSteps.iClickTheSimulateCallButton()
  Then I should see the warning message                   # steps.call_recomendation.CallRecomendationSteps.iShouldSeeTheWarningMessage()
]]></system-out>
  </testcase>
  <testcase name="I can see the tooltip of the doctor card" classname="Call Recommendation" time="47.599">
    <system-out><![CDATA[
@CallRecomendation
Scenario: I can see the tooltip of the doctor card        # src/test/resources/features/call_recomendation/CallRecomendation.feature:56
  Given I am on the ifocus page                           # steps.auth.LoginSteps.iAmOnTheLoginPage()
  Then I should see the login page                        # steps.auth.LoginSteps.iShouldSeeTheLoginPage()
  When I input the credentials                            # steps.auth.LoginSteps.iInputTheCredentials()
  And I click the login button                            # steps.auth.LoginSteps.iClickTheLoginButton()
  Then I should see the dashboard                         # steps.auth.LoginSteps.iShouldSeeTheDashboard()
  When I am on the change rayon page                      # steps.change_rayon.ChangeRayonSteps.iAmOnTheChangeRayonPage()
  Then I should see the change rayon page                 # steps.change_rayon.ChangeRayonSteps.iShouldSeeTheChangeRayonPage()
  And I should see the rayon code input                   # steps.change_rayon.ChangeRayonSteps.iShouldSeeTheRayonCodeInput()
  When I input the rayon code "TGRVIC0103"                # steps.change_rayon.ChangeRayonSteps.iInputTheRayonCode(java.lang.String)
  When I click the change rayon code session button       # steps.change_rayon.ChangeRayonSteps.iClickTheChangeRayonCodeSessionButton()
  Then I should see the change rayon code success message # steps.change_rayon.ChangeRayonSteps.iShouldSeeTheChangeRayonCodeSuccessMessage()
  Given I am on the call recomendation page               # steps.call_recomendation.CallRecomendationSteps.iAmOnTheCallRecomendationPage()
  Then I should see the call recomendation page           # steps.call_recomendation.CallRecomendationSteps.iShouldSeeTheCallRecomendationPage()
  When I input the "45" week of "2024" year               # steps.call_recomendation.CallRecomendationSteps.iInputTheWeek(java.lang.String,java.lang.String)
  And I click the simulate call button                    # steps.call_recomendation.CallRecomendationSteps.iClickTheSimulateCallButton()
Found 40 cards in DOM (might not be visible)
  Then I should see the docter card                       # steps.call_recomendation.CallRecomendationSteps.iShouldSeeDocterCard()
  When I click the doctor card                            # steps.call_recomendation.CallRecomendationSteps.iClickTheDoctorCard()
  Then I should see the tooltip of the doctor card        # steps.call_recomendation.CallRecomendationSteps.iShouldSeeTheTooltipOfTheDoctorCard()
]]></system-out>
  </testcase>
  <testcase name="I can visit the input best time page" classname="Input Best Time" time="9.872">
    <system-out><![CDATA[
@InputBestTime
Scenario: I can visit the input best time page            # src/test/resources/features/input-best-time/InputBestTime.feature:17
  Given I am on the ifocus page                           # steps.auth.LoginSteps.iAmOnTheLoginPage()
  Then I should see the login page                        # steps.auth.LoginSteps.iShouldSeeTheLoginPage()
  When I input the credentials                            # steps.auth.LoginSteps.iInputTheCredentials()
  And I click the login button                            # steps.auth.LoginSteps.iClickTheLoginButton()
  Then I should see the dashboard                         # steps.auth.LoginSteps.iShouldSeeTheDashboard()
  When I am on the change rayon page                      # steps.change_rayon.ChangeRayonSteps.iAmOnTheChangeRayonPage()
  Then I should see the change rayon page                 # steps.change_rayon.ChangeRayonSteps.iShouldSeeTheChangeRayonPage()
  And I should see the rayon code input                   # steps.change_rayon.ChangeRayonSteps.iShouldSeeTheRayonCodeInput()
  When I input the rayon code "TGRVIC0103"                # steps.change_rayon.ChangeRayonSteps.iInputTheRayonCode(java.lang.String)
  When I click the change rayon code session button       # steps.change_rayon.ChangeRayonSteps.iClickTheChangeRayonCodeSessionButton()
  Then I should see the change rayon code success message # steps.change_rayon.ChangeRayonSteps.iShouldSeeTheChangeRayonCodeSuccessMessage()
  Given I am on the input best time page                  # steps.input_best_time.InputBestTimeSteps.iAmOnTheInputBestTimePage()
84
  Then I should see the input best time page              # steps.input_best_time.InputBestTimeSteps.iShouldSeeTheInputBestTimePage()
]]></system-out>
  </testcase>
  <testcase name="I can use the day filter correctly" classname="Input Best Time" time="10.056">
    <system-out><![CDATA[
@InputBestTime
Scenario: I can use the day filter correctly              # src/test/resources/features/input-best-time/InputBestTime.feature:21
  Given I am on the ifocus page                           # steps.auth.LoginSteps.iAmOnTheLoginPage()
  Then I should see the login page                        # steps.auth.LoginSteps.iShouldSeeTheLoginPage()
  When I input the credentials                            # steps.auth.LoginSteps.iInputTheCredentials()
  And I click the login button                            # steps.auth.LoginSteps.iClickTheLoginButton()
  Then I should see the dashboard                         # steps.auth.LoginSteps.iShouldSeeTheDashboard()
  When I am on the change rayon page                      # steps.change_rayon.ChangeRayonSteps.iAmOnTheChangeRayonPage()
  Then I should see the change rayon page                 # steps.change_rayon.ChangeRayonSteps.iShouldSeeTheChangeRayonPage()
  And I should see the rayon code input                   # steps.change_rayon.ChangeRayonSteps.iShouldSeeTheRayonCodeInput()
  When I input the rayon code "TGRVIC0103"                # steps.change_rayon.ChangeRayonSteps.iInputTheRayonCode(java.lang.String)
  When I click the change rayon code session button       # steps.change_rayon.ChangeRayonSteps.iClickTheChangeRayonCodeSessionButton()
  Then I should see the change rayon code success message # steps.change_rayon.ChangeRayonSteps.iShouldSeeTheChangeRayonCodeSuccessMessage()
  Given I am on the input best time page                  # steps.input_best_time.InputBestTimeSteps.iAmOnTheInputBestTimePage()
Total doctors on selected day: 11
  When I click the "monday" day                           # steps.input_best_time.InputBestTimeSteps.iClickTheDay(java.lang.String)
Title value: 11 and total doctors on selected day: 11
  Then I should see the total doctors on the "monday" day # steps.input_best_time.InputBestTimeSteps.iShouldSeeTheTotalDoctorsOnTheDay(java.lang.String)
]]></system-out>
  </testcase>
  <testcase name="I can select the doctor from the list" classname="Input Best Time" time="8.946">
    <system-out><![CDATA[
@InputBestTime
Scenario: I can select the doctor from the list           # src/test/resources/features/input-best-time/InputBestTime.feature:26
  Given I am on the ifocus page                           # steps.auth.LoginSteps.iAmOnTheLoginPage()
  Then I should see the login page                        # steps.auth.LoginSteps.iShouldSeeTheLoginPage()
  When I input the credentials                            # steps.auth.LoginSteps.iInputTheCredentials()
  And I click the login button                            # steps.auth.LoginSteps.iClickTheLoginButton()
  Then I should see the dashboard                         # steps.auth.LoginSteps.iShouldSeeTheDashboard()
  When I am on the change rayon page                      # steps.change_rayon.ChangeRayonSteps.iAmOnTheChangeRayonPage()
  Then I should see the change rayon page                 # steps.change_rayon.ChangeRayonSteps.iShouldSeeTheChangeRayonPage()
  And I should see the rayon code input                   # steps.change_rayon.ChangeRayonSteps.iShouldSeeTheRayonCodeInput()
  When I input the rayon code "TGRVIC0103"                # steps.change_rayon.ChangeRayonSteps.iInputTheRayonCode(java.lang.String)
  When I click the change rayon code session button       # steps.change_rayon.ChangeRayonSteps.iClickTheChangeRayonCodeSessionButton()
  Then I should see the change rayon code success message # steps.change_rayon.ChangeRayonSteps.iShouldSeeTheChangeRayonCodeSuccessMessage()
  Given I am on the input best time page                  # steps.input_best_time.InputBestTimeSteps.iAmOnTheInputBestTimePage()
  When I select the doctor from the list                  # steps.input_best_time.InputBestTimeSteps.iSelectTheDoctorFromTheList()
  Then I should see the selected doctor                   # steps.input_best_time.InputBestTimeSteps.iShouldSeeTheSelectedDoctor()
]]></system-out>
  </testcase>
  <testcase name="I can switch tab between best time and leave" classname="Input Best Time" time="11.442">
    <system-out><![CDATA[
@InputBestTime
Scenario: I can switch tab between best time and leave    # src/test/resources/features/input-best-time/InputBestTime.feature:31
  Given I am on the ifocus page                           # steps.auth.LoginSteps.iAmOnTheLoginPage()
  Then I should see the login page                        # steps.auth.LoginSteps.iShouldSeeTheLoginPage()
  When I input the credentials                            # steps.auth.LoginSteps.iInputTheCredentials()
  And I click the login button                            # steps.auth.LoginSteps.iClickTheLoginButton()
  Then I should see the dashboard                         # steps.auth.LoginSteps.iShouldSeeTheDashboard()
  When I am on the change rayon page                      # steps.change_rayon.ChangeRayonSteps.iAmOnTheChangeRayonPage()
  Then I should see the change rayon page                 # steps.change_rayon.ChangeRayonSteps.iShouldSeeTheChangeRayonPage()
  And I should see the rayon code input                   # steps.change_rayon.ChangeRayonSteps.iShouldSeeTheRayonCodeInput()
  When I input the rayon code "TGRVIC0103"                # steps.change_rayon.ChangeRayonSteps.iInputTheRayonCode(java.lang.String)
  When I click the change rayon code session button       # steps.change_rayon.ChangeRayonSteps.iClickTheChangeRayonCodeSessionButton()
  Then I should see the change rayon code success message # steps.change_rayon.ChangeRayonSteps.iShouldSeeTheChangeRayonCodeSuccessMessage()
  Given I am on the input best time page                  # steps.input_best_time.InputBestTimeSteps.iAmOnTheInputBestTimePage()
  When I select the doctor from the list                  # steps.input_best_time.InputBestTimeSteps.iSelectTheDoctorFromTheList()
  Then I should see the selected doctor                   # steps.input_best_time.InputBestTimeSteps.iShouldSeeTheSelectedDoctor()
  When I switch the tab to leave                          # steps.input_best_time.InputBestTimeSteps.iSwitchTheTabToLeave()
  Then I should see the leave tab                         # steps.input_best_time.InputBestTimeSteps.iShouldSeeTheLeaveTab()
  When I switch the tab to best time                      # steps.input_best_time.InputBestTimeSteps.iSwitchTheTabToBestTime()
  Then I should see the best time tab                     # steps.input_best_time.InputBestTimeSteps.iShouldSeeTheBestTimeTab()
]]></system-out>
  </testcase>
  <testcase name="I can see the error message when submitting visit time of multiple location doctor with same time" classname="Input Best Time" time="10.071">
    <system-out><![CDATA[
@InputBestTime
Scenario: I can see the error message when submitting visit time of multiple location doctor with same time # src/test/resources/features/input-best-time/InputBestTime.feature:40
  Given I am on the ifocus page                                                                             # steps.auth.LoginSteps.iAmOnTheLoginPage()
  Then I should see the login page                                                                          # steps.auth.LoginSteps.iShouldSeeTheLoginPage()
  When I input the credentials                                                                              # steps.auth.LoginSteps.iInputTheCredentials()
  And I click the login button                                                                              # steps.auth.LoginSteps.iClickTheLoginButton()
  Then I should see the dashboard                                                                           # steps.auth.LoginSteps.iShouldSeeTheDashboard()
  When I am on the change rayon page                                                                        # steps.change_rayon.ChangeRayonSteps.iAmOnTheChangeRayonPage()
  Then I should see the change rayon page                                                                   # steps.change_rayon.ChangeRayonSteps.iShouldSeeTheChangeRayonPage()
  And I should see the rayon code input                                                                     # steps.change_rayon.ChangeRayonSteps.iShouldSeeTheRayonCodeInput()
  When I input the rayon code "TGRVIC0103"                                                                  # steps.change_rayon.ChangeRayonSteps.iInputTheRayonCode(java.lang.String)
  When I click the change rayon code session button                                                         # steps.change_rayon.ChangeRayonSteps.iClickTheChangeRayonCodeSessionButton()
  Then I should see the change rayon code success message                                                   # steps.change_rayon.ChangeRayonSteps.iShouldSeeTheChangeRayonCodeSuccessMessage()
  Given I am on the input best time page                                                                    # steps.input_best_time.InputBestTimeSteps.iAmOnTheInputBestTimePage()
  When I select the doctor from the list                                                                    # steps.input_best_time.InputBestTimeSteps.iSelectTheDoctorFromTheList()
  Then I should see the selected doctor                                                                     # steps.input_best_time.InputBestTimeSteps.iShouldSeeTheSelectedDoctor()
  When I submit the visit time                                                                              # steps.input_best_time.InputBestTimeSteps.iSubmitTheVisitTime()
  Then I should see the error message when submitting visit time of multiple location doctor with same time # steps.input_best_time.InputBestTimeSteps.iShouldSeeTheErrorMessageWhenSubmittingVisitTimeOfMultipleLocationDoctorWithSameTime()
]]></system-out>
  </testcase>
  <testcase name="Toggle between Day and Night shifts" classname="Input Best Time" time="10.417">
    <system-out><![CDATA[
@InputBestTime
Scenario: Toggle between Day and Night shifts                            # src/test/resources/features/input-best-time/InputBestTime.feature:47
  Given I am on the ifocus page                                          # steps.auth.LoginSteps.iAmOnTheLoginPage()
  Then I should see the login page                                       # steps.auth.LoginSteps.iShouldSeeTheLoginPage()
  When I input the credentials                                           # steps.auth.LoginSteps.iInputTheCredentials()
  And I click the login button                                           # steps.auth.LoginSteps.iClickTheLoginButton()
  Then I should see the dashboard                                        # steps.auth.LoginSteps.iShouldSeeTheDashboard()
  When I am on the change rayon page                                     # steps.change_rayon.ChangeRayonSteps.iAmOnTheChangeRayonPage()
  Then I should see the change rayon page                                # steps.change_rayon.ChangeRayonSteps.iShouldSeeTheChangeRayonPage()
  And I should see the rayon code input                                  # steps.change_rayon.ChangeRayonSteps.iShouldSeeTheRayonCodeInput()
  When I input the rayon code "TGRVIC0103"                               # steps.change_rayon.ChangeRayonSteps.iInputTheRayonCode(java.lang.String)
  When I click the change rayon code session button                      # steps.change_rayon.ChangeRayonSteps.iClickTheChangeRayonCodeSessionButton()
  Then I should see the change rayon code success message                # steps.change_rayon.ChangeRayonSteps.iShouldSeeTheChangeRayonCodeSuccessMessage()
  Given I am on the input best time page                                 # steps.input_best_time.InputBestTimeSteps.iAmOnTheInputBestTimePage()
  When I select the doctor from the list                                 # steps.input_best_time.InputBestTimeSteps.iSelectTheDoctorFromTheList()
  Then I should see the selected doctor                                  # steps.input_best_time.InputBestTimeSteps.iShouldSeeTheSelectedDoctor()
Is switch active: false
  When I select "Day" shift for "Monday" at "42 BALARAJA, RSUD"          # steps.input_best_time.InputBestTimeSteps.iSelectShiftForDayAtLocation(java.lang.String,java.lang.String,java.lang.String)
Current state: true and isSwitchActive: false
  Then "Day" shift for "Monday" at "42 BALARAJA, RSUD" should be changed # steps.input_best_time.InputBestTimeSteps.shiftForDayAtLocationShouldBeChanged(java.lang.String,java.lang.String,java.lang.String)
]]></system-out>
  </testcase>
  <testcase name="Submit without selecting any shifts" classname="Input Best Time" time="11.844">
    <system-out><![CDATA[
@InputBestTime
Scenario: Submit without selecting any shifts                                     # src/test/resources/features/input-best-time/InputBestTime.feature:54
  Given I am on the ifocus page                                                   # steps.auth.LoginSteps.iAmOnTheLoginPage()
  Then I should see the login page                                                # steps.auth.LoginSteps.iShouldSeeTheLoginPage()
  When I input the credentials                                                    # steps.auth.LoginSteps.iInputTheCredentials()
  And I click the login button                                                    # steps.auth.LoginSteps.iClickTheLoginButton()
  Then I should see the dashboard                                                 # steps.auth.LoginSteps.iShouldSeeTheDashboard()
  When I am on the change rayon page                                              # steps.change_rayon.ChangeRayonSteps.iAmOnTheChangeRayonPage()
  Then I should see the change rayon page                                         # steps.change_rayon.ChangeRayonSteps.iShouldSeeTheChangeRayonPage()
  And I should see the rayon code input                                           # steps.change_rayon.ChangeRayonSteps.iShouldSeeTheRayonCodeInput()
  When I input the rayon code "TGRVIC0103"                                        # steps.change_rayon.ChangeRayonSteps.iInputTheRayonCode(java.lang.String)
  When I click the change rayon code session button                               # steps.change_rayon.ChangeRayonSteps.iClickTheChangeRayonCodeSessionButton()
  Then I should see the change rayon code success message                         # steps.change_rayon.ChangeRayonSteps.iShouldSeeTheChangeRayonCodeSuccessMessage()
  Given I am on the input best time page                                          # steps.input_best_time.InputBestTimeSteps.iAmOnTheInputBestTimePage()
  When I select the doctor from the list                                          # steps.input_best_time.InputBestTimeSteps.iSelectTheDoctorFromTheList()
  Then I should see the selected doctor                                           # steps.input_best_time.InputBestTimeSteps.iShouldSeeTheSelectedDoctor()
  When I switch all shift to off                                                  # steps.input_best_time.InputBestTimeSteps.iSwitchAllShiftToOff()
  And I submit the visit time                                                     # steps.input_best_time.InputBestTimeSteps.iSubmitTheVisitTime()
  Then I should see confirmation modal                                            # steps.input_best_time.InputBestTimeSteps.iShouldSeeConfirmationModal()
  When I click the Confirm button                                                 # steps.input_best_time.InputBestTimeSteps.iClickTheConfirmButton()
  Then I can see success modal of "Doctor's best time visit successfully updated" # steps.input_best_time.InputBestTimeSteps.iCanSeeSuccessModal(java.lang.String)
]]></system-out>
  </testcase>
  <testcase name="Switch between tab day and night" classname="Input Best Time" time="11.946">
    <system-out><![CDATA[
@InputBestTime
Scenario: Switch between tab day and night                                        # src/test/resources/features/input-best-time/InputBestTime.feature:64
  Given I am on the ifocus page                                                   # steps.auth.LoginSteps.iAmOnTheLoginPage()
  Then I should see the login page                                                # steps.auth.LoginSteps.iShouldSeeTheLoginPage()
  When I input the credentials                                                    # steps.auth.LoginSteps.iInputTheCredentials()
  And I click the login button                                                    # steps.auth.LoginSteps.iClickTheLoginButton()
  Then I should see the dashboard                                                 # steps.auth.LoginSteps.iShouldSeeTheDashboard()
  When I am on the change rayon page                                              # steps.change_rayon.ChangeRayonSteps.iAmOnTheChangeRayonPage()
  Then I should see the change rayon page                                         # steps.change_rayon.ChangeRayonSteps.iShouldSeeTheChangeRayonPage()
  And I should see the rayon code input                                           # steps.change_rayon.ChangeRayonSteps.iShouldSeeTheRayonCodeInput()
  When I input the rayon code "TGRVIC0103"                                        # steps.change_rayon.ChangeRayonSteps.iInputTheRayonCode(java.lang.String)
  When I click the change rayon code session button                               # steps.change_rayon.ChangeRayonSteps.iClickTheChangeRayonCodeSessionButton()
  Then I should see the change rayon code success message                         # steps.change_rayon.ChangeRayonSteps.iShouldSeeTheChangeRayonCodeSuccessMessage()
  Given I am on the input best time page                                          # steps.input_best_time.InputBestTimeSteps.iAmOnTheInputBestTimePage()
  When I select the doctor from the list                                          # steps.input_best_time.InputBestTimeSteps.iSelectTheDoctorFromTheList()
  Then I should see the selected doctor                                           # steps.input_best_time.InputBestTimeSteps.iShouldSeeTheSelectedDoctor()
  When I switch all shift to off                                                  # steps.input_best_time.InputBestTimeSteps.iSwitchAllShiftToOff()
  And I submit the visit time                                                     # steps.input_best_time.InputBestTimeSteps.iSubmitTheVisitTime()
  Then I should see confirmation modal                                            # steps.input_best_time.InputBestTimeSteps.iShouldSeeConfirmationModal()
  When I click the Confirm button                                                 # steps.input_best_time.InputBestTimeSteps.iClickTheConfirmButton()
  Then I can see success modal of "Doctor's best time visit successfully updated" # steps.input_best_time.InputBestTimeSteps.iCanSeeSuccessModal(java.lang.String)
]]></system-out>
  </testcase>
  <testcase name="I can&apos;t input the leave date that already used" classname="Input Best Time" time="12.607">
    <system-out><![CDATA[
@InputBestTime
Scenario: I can't input the leave date that already used                                                                           # src/test/resources/features/input-best-time/InputBestTime.feature:74
  Given I am on the ifocus page                                                                                                    # steps.auth.LoginSteps.iAmOnTheLoginPage()
  Then I should see the login page                                                                                                 # steps.auth.LoginSteps.iShouldSeeTheLoginPage()
  When I input the credentials                                                                                                     # steps.auth.LoginSteps.iInputTheCredentials()
  And I click the login button                                                                                                     # steps.auth.LoginSteps.iClickTheLoginButton()
  Then I should see the dashboard                                                                                                  # steps.auth.LoginSteps.iShouldSeeTheDashboard()
  When I am on the change rayon page                                                                                               # steps.change_rayon.ChangeRayonSteps.iAmOnTheChangeRayonPage()
  Then I should see the change rayon page                                                                                          # steps.change_rayon.ChangeRayonSteps.iShouldSeeTheChangeRayonPage()
  And I should see the rayon code input                                                                                            # steps.change_rayon.ChangeRayonSteps.iShouldSeeTheRayonCodeInput()
  When I input the rayon code "TGRVIC0103"                                                                                         # steps.change_rayon.ChangeRayonSteps.iInputTheRayonCode(java.lang.String)
  When I click the change rayon code session button                                                                                # steps.change_rayon.ChangeRayonSteps.iClickTheChangeRayonCodeSessionButton()
  Then I should see the change rayon code success message                                                                          # steps.change_rayon.ChangeRayonSteps.iShouldSeeTheChangeRayonCodeSuccessMessage()
  Given I am on the input best time page                                                                                           # steps.input_best_time.InputBestTimeSteps.iAmOnTheInputBestTimePage()
  When I select the doctor from the list                                                                                           # steps.input_best_time.InputBestTimeSteps.iSelectTheDoctorFromTheList()
  Then I should see the selected doctor                                                                                            # steps.input_best_time.InputBestTimeSteps.iShouldSeeTheSelectedDoctor()
  When I switch the tab to leave                                                                                                   # steps.input_best_time.InputBestTimeSteps.iSwitchTheTabToLeave()
  Then I should see the leave tab                                                                                                  # steps.input_best_time.InputBestTimeSteps.iShouldSeeTheLeaveTab()
  When I input the leave date of "2024-11-21" to "2024-11-29" and "enter"                                                          # steps.input_best_time.InputBestTimeSteps.iInputTheStartOfLeaveDate(java.lang.String,java.lang.String,java.lang.String)
  Then I should see confirmation modal                                                                                             # steps.input_best_time.InputBestTimeSteps.iShouldSeeConfirmationModal()
  When I click the Confirm button                                                                                                  # steps.input_best_time.InputBestTimeSteps.iClickTheConfirmButton()
Error message: The leave period overlaps with an existing leave record. Please choose a different date range.
  Then I can see error message of "The leave period overlaps with an existing leave record. Please choose a different date range." # steps.input_best_time.InputBestTimeSteps.iCanSeeErrorMessage(java.lang.String)
]]></system-out>
  </testcase>
  <testcase name="I can see the history of doctor&apos;s leave" classname="Input Best Time" time="11.342">
    <system-out><![CDATA[
@InputBestTime
Scenario: I can see the history of doctor's leave         # src/test/resources/features/input-best-time/InputBestTime.feature:85
  Given I am on the ifocus page                           # steps.auth.LoginSteps.iAmOnTheLoginPage()
  Then I should see the login page                        # steps.auth.LoginSteps.iShouldSeeTheLoginPage()
  When I input the credentials                            # steps.auth.LoginSteps.iInputTheCredentials()
  And I click the login button                            # steps.auth.LoginSteps.iClickTheLoginButton()
  Then I should see the dashboard                         # steps.auth.LoginSteps.iShouldSeeTheDashboard()
  When I am on the change rayon page                      # steps.change_rayon.ChangeRayonSteps.iAmOnTheChangeRayonPage()
  Then I should see the change rayon page                 # steps.change_rayon.ChangeRayonSteps.iShouldSeeTheChangeRayonPage()
  And I should see the rayon code input                   # steps.change_rayon.ChangeRayonSteps.iShouldSeeTheRayonCodeInput()
  When I input the rayon code "TGRVIC0103"                # steps.change_rayon.ChangeRayonSteps.iInputTheRayonCode(java.lang.String)
  When I click the change rayon code session button       # steps.change_rayon.ChangeRayonSteps.iClickTheChangeRayonCodeSessionButton()
  Then I should see the change rayon code success message # steps.change_rayon.ChangeRayonSteps.iShouldSeeTheChangeRayonCodeSuccessMessage()
  Given I am on the input best time page                  # steps.input_best_time.InputBestTimeSteps.iAmOnTheInputBestTimePage()
  When I select the doctor from the list                  # steps.input_best_time.InputBestTimeSteps.iSelectTheDoctorFromTheList()
  Then I should see the selected doctor                   # steps.input_best_time.InputBestTimeSteps.iShouldSeeTheSelectedDoctor()
  When I switch the tab to leave                          # steps.input_best_time.InputBestTimeSteps.iSwitchTheTabToLeave()
  Then I should see the leave tab                         # steps.input_best_time.InputBestTimeSteps.iShouldSeeTheLeaveTab()
  When I click the history button                         # steps.call_overview.CallOverviewSteps.iClickTheHistoryButton()
  Then I can see the history of doctor leave              # steps.call_overview.CallOverviewSteps.iCanSeeTheHistoryOfDoctorLeave()
]]></system-out>
  </testcase>
  <testcase name="I can close the history of doctor leave" classname="Input Best Time" time="11.871">
    <system-out><![CDATA[
@InputBestTime
Scenario: I can close the history of doctor leave         # src/test/resources/features/input-best-time/InputBestTime.feature:94
  Given I am on the ifocus page                           # steps.auth.LoginSteps.iAmOnTheLoginPage()
  Then I should see the login page                        # steps.auth.LoginSteps.iShouldSeeTheLoginPage()
  When I input the credentials                            # steps.auth.LoginSteps.iInputTheCredentials()
  And I click the login button                            # steps.auth.LoginSteps.iClickTheLoginButton()
  Then I should see the dashboard                         # steps.auth.LoginSteps.iShouldSeeTheDashboard()
  When I am on the change rayon page                      # steps.change_rayon.ChangeRayonSteps.iAmOnTheChangeRayonPage()
  Then I should see the change rayon page                 # steps.change_rayon.ChangeRayonSteps.iShouldSeeTheChangeRayonPage()
  And I should see the rayon code input                   # steps.change_rayon.ChangeRayonSteps.iShouldSeeTheRayonCodeInput()
  When I input the rayon code "TGRVIC0103"                # steps.change_rayon.ChangeRayonSteps.iInputTheRayonCode(java.lang.String)
  When I click the change rayon code session button       # steps.change_rayon.ChangeRayonSteps.iClickTheChangeRayonCodeSessionButton()
  Then I should see the change rayon code success message # steps.change_rayon.ChangeRayonSteps.iShouldSeeTheChangeRayonCodeSuccessMessage()
  Given I am on the input best time page                  # steps.input_best_time.InputBestTimeSteps.iAmOnTheInputBestTimePage()
  When I select the doctor from the list                  # steps.input_best_time.InputBestTimeSteps.iSelectTheDoctorFromTheList()
  Then I should see the selected doctor                   # steps.input_best_time.InputBestTimeSteps.iShouldSeeTheSelectedDoctor()
  When I switch the tab to leave                          # steps.input_best_time.InputBestTimeSteps.iSwitchTheTabToLeave()
  Then I should see the leave tab                         # steps.input_best_time.InputBestTimeSteps.iShouldSeeTheLeaveTab()
  When I click the history button                         # steps.call_overview.CallOverviewSteps.iClickTheHistoryButton()
  Then I can see the history of doctor leave              # steps.call_overview.CallOverviewSteps.iCanSeeTheHistoryOfDoctorLeave()
  When I click the close of history of doctor leave       # steps.input_best_time.InputBestTimeSteps.iClickTheCloseOfHistoryOfDoctorLeave()
  Then I can not see the history of doctor leave          # steps.input_best_time.InputBestTimeSteps.iCanNotSeeTheHistoryOfDoctorLeave()
]]></system-out>
  </testcase>
  <testcase name="I can see the error message when input invalid date on leave tab" classname="Input Best Time" time="11.416">
    <system-out><![CDATA[
@InputBestTime
Scenario: I can see the error message when input invalid date on leave tab # src/test/resources/features/input-best-time/InputBestTime.feature:105
  Given I am on the ifocus page                                            # steps.auth.LoginSteps.iAmOnTheLoginPage()
  Then I should see the login page                                         # steps.auth.LoginSteps.iShouldSeeTheLoginPage()
  When I input the credentials                                             # steps.auth.LoginSteps.iInputTheCredentials()
  And I click the login button                                             # steps.auth.LoginSteps.iClickTheLoginButton()
  Then I should see the dashboard                                          # steps.auth.LoginSteps.iShouldSeeTheDashboard()
  When I am on the change rayon page                                       # steps.change_rayon.ChangeRayonSteps.iAmOnTheChangeRayonPage()
  Then I should see the change rayon page                                  # steps.change_rayon.ChangeRayonSteps.iShouldSeeTheChangeRayonPage()
  And I should see the rayon code input                                    # steps.change_rayon.ChangeRayonSteps.iShouldSeeTheRayonCodeInput()
  When I input the rayon code "TGRVIC0103"                                 # steps.change_rayon.ChangeRayonSteps.iInputTheRayonCode(java.lang.String)
  When I click the change rayon code session button                        # steps.change_rayon.ChangeRayonSteps.iClickTheChangeRayonCodeSessionButton()
  Then I should see the change rayon code success message                  # steps.change_rayon.ChangeRayonSteps.iShouldSeeTheChangeRayonCodeSuccessMessage()
  Given I am on the input best time page                                   # steps.input_best_time.InputBestTimeSteps.iAmOnTheInputBestTimePage()
  When I select the doctor from the list                                   # steps.input_best_time.InputBestTimeSteps.iSelectTheDoctorFromTheList()
  Then I should see the selected doctor                                    # steps.input_best_time.InputBestTimeSteps.iShouldSeeTheSelectedDoctor()
  When I switch the tab to leave                                           # steps.input_best_time.InputBestTimeSteps.iSwitchTheTabToLeave()
  Then I should see the leave tab                                          # steps.input_best_time.InputBestTimeSteps.iShouldSeeTheLeaveTab()
  When I input invalid date on leave tab                                   # steps.input_best_time.InputBestTimeSteps.iInputInvalidDateOnLeaveTab()
  Then I should see the input error message                                # steps.call_recomendation.CallRecomendationSteps.iShouldSeeTheErrorMessage()
]]></system-out>
  </testcase>
  <testcase name="I can submit the leave with a long note" classname="Input Best Time" time="23.337">
    <failure type="java.lang.AssertionError"><![CDATA[java.lang.AssertionError
	at org.junit.Assert.fail(Assert.java:87)
	at org.junit.Assert.assertTrue(Assert.java:42)
	at org.junit.Assert.assertTrue(Assert.java:53)
	at steps.input_best_time.InputBestTimeSteps.iCanSeeSuccessModal(InputBestTimeSteps.java:214)
	at ✽.I can see success modal of "Doctor's leave successfully created"(file:///D:/Course/QA/deep-work-call-plan/src/test/resources/features/input-best-time/InputBestTime.feature:124)
]]></failure>
    <system-out><![CDATA[
@InputBestTime
Scenario: I can submit the leave with a long note                        # src/test/resources/features/input-best-time/InputBestTime.feature:114
  Given I am on the ifocus page                                          # steps.auth.LoginSteps.iAmOnTheLoginPage()
  Then I should see the login page                                       # steps.auth.LoginSteps.iShouldSeeTheLoginPage()
  When I input the credentials                                           # steps.auth.LoginSteps.iInputTheCredentials()
  And I click the login button                                           # steps.auth.LoginSteps.iClickTheLoginButton()
  Then I should see the dashboard                                        # steps.auth.LoginSteps.iShouldSeeTheDashboard()
  When I am on the change rayon page                                     # steps.change_rayon.ChangeRayonSteps.iAmOnTheChangeRayonPage()
  Then I should see the change rayon page                                # steps.change_rayon.ChangeRayonSteps.iShouldSeeTheChangeRayonPage()
  And I should see the rayon code input                                  # steps.change_rayon.ChangeRayonSteps.iShouldSeeTheRayonCodeInput()
  When I input the rayon code "TGRVIC0103"                               # steps.change_rayon.ChangeRayonSteps.iInputTheRayonCode(java.lang.String)
  When I click the change rayon code session button                      # steps.change_rayon.ChangeRayonSteps.iClickTheChangeRayonCodeSessionButton()
  Then I should see the change rayon code success message                # steps.change_rayon.ChangeRayonSteps.iShouldSeeTheChangeRayonCodeSuccessMessage()
  Given I am on the input best time page                                 # steps.input_best_time.InputBestTimeSteps.iAmOnTheInputBestTimePage()
  When I select the doctor from the list                                 # steps.input_best_time.InputBestTimeSteps.iSelectTheDoctorFromTheList()
  Then I should see the selected doctor                                  # steps.input_best_time.InputBestTimeSteps.iShouldSeeTheSelectedDoctor()
  When I switch the tab to leave                                         # steps.input_best_time.InputBestTimeSteps.iSwitchTheTabToLeave()
  Then I should see the leave tab                                        # steps.input_best_time.InputBestTimeSteps.iShouldSeeTheLeaveTab()
  When I input a long leave note                                         # steps.input_best_time.InputBestTimeSteps.iInputALongLeaveNote()
  And I input the leave date of "2024-11-21" to "2024-11-29" and "enter" # steps.input_best_time.InputBestTimeSteps.iInputTheStartOfLeaveDate(java.lang.String,java.lang.String,java.lang.String)
  Then I should see confirmation modal                                   # steps.input_best_time.InputBestTimeSteps.iShouldSeeConfirmationModal()
  When I click the Confirm button                                        # steps.input_best_time.InputBestTimeSteps.iClickTheConfirmButton()
  Then I can see success modal of "Doctor's leave successfully created"  # steps.input_best_time.InputBestTimeSteps.iCanSeeSuccessModal(java.lang.String)
      java.lang.AssertionError
	at org.junit.Assert.fail(Assert.java:87)
	at org.junit.Assert.assertTrue(Assert.java:42)
	at org.junit.Assert.assertTrue(Assert.java:53)
	at steps.input_best_time.InputBestTimeSteps.iCanSeeSuccessModal(InputBestTimeSteps.java:214)
	at âœ½.I can see success modal of "Doctor's leave successfully created"(file:///D:/Course/QA/deep-work-call-plan/src/test/resources/features/input-best-time/InputBestTime.feature:124)

]]></system-out>
  </testcase>
  <testcase name="I can use the filter upcountry correctly" classname="Input Best Time" time="11.558">
    <system-out><![CDATA[
@InputBestTime
Scenario: I can use the filter upcountry correctly        # src/test/resources/features/input-best-time/InputBestTime.feature:126
  Given I am on the ifocus page                           # steps.auth.LoginSteps.iAmOnTheLoginPage()
  Then I should see the login page                        # steps.auth.LoginSteps.iShouldSeeTheLoginPage()
  When I input the credentials                            # steps.auth.LoginSteps.iInputTheCredentials()
  And I click the login button                            # steps.auth.LoginSteps.iClickTheLoginButton()
  Then I should see the dashboard                         # steps.auth.LoginSteps.iShouldSeeTheDashboard()
  When I am on the change rayon page                      # steps.change_rayon.ChangeRayonSteps.iAmOnTheChangeRayonPage()
  Then I should see the change rayon page                 # steps.change_rayon.ChangeRayonSteps.iShouldSeeTheChangeRayonPage()
  And I should see the rayon code input                   # steps.change_rayon.ChangeRayonSteps.iShouldSeeTheRayonCodeInput()
  When I input the rayon code "TGRVIC0103"                # steps.change_rayon.ChangeRayonSteps.iInputTheRayonCode(java.lang.String)
  When I click the change rayon code session button       # steps.change_rayon.ChangeRayonSteps.iClickTheChangeRayonCodeSessionButton()
  Then I should see the change rayon code success message # steps.change_rayon.ChangeRayonSteps.iShouldSeeTheChangeRayonCodeSuccessMessage()
  Given I am on the input best time page                  # steps.input_best_time.InputBestTimeSteps.iAmOnTheInputBestTimePage()
  When I click the "upcountry" filter button              # steps.input_best_time.InputBestTimeSteps.iClickTheFilterButton(java.lang.String)
  Then I can see the "upcountry" filter active            # steps.input_best_time.InputBestTimeSteps.iCanSeeTheFilterActive(java.lang.String)
]]></system-out>
  </testcase>
  <testcase name="I can use the filter unscheduled correctly" classname="Input Best Time" time="12.605">
    <system-out><![CDATA[
@InputBestTime
Scenario: I can use the filter unscheduled correctly      # src/test/resources/features/input-best-time/InputBestTime.feature:131
  Given I am on the ifocus page                           # steps.auth.LoginSteps.iAmOnTheLoginPage()
  Then I should see the login page                        # steps.auth.LoginSteps.iShouldSeeTheLoginPage()
  When I input the credentials                            # steps.auth.LoginSteps.iInputTheCredentials()
  And I click the login button                            # steps.auth.LoginSteps.iClickTheLoginButton()
  Then I should see the dashboard                         # steps.auth.LoginSteps.iShouldSeeTheDashboard()
  When I am on the change rayon page                      # steps.change_rayon.ChangeRayonSteps.iAmOnTheChangeRayonPage()
  Then I should see the change rayon page                 # steps.change_rayon.ChangeRayonSteps.iShouldSeeTheChangeRayonPage()
  And I should see the rayon code input                   # steps.change_rayon.ChangeRayonSteps.iShouldSeeTheRayonCodeInput()
  When I input the rayon code "TGRVIC0103"                # steps.change_rayon.ChangeRayonSteps.iInputTheRayonCode(java.lang.String)
  When I click the change rayon code session button       # steps.change_rayon.ChangeRayonSteps.iClickTheChangeRayonCodeSessionButton()
  Then I should see the change rayon code success message # steps.change_rayon.ChangeRayonSteps.iShouldSeeTheChangeRayonCodeSuccessMessage()
  Given I am on the input best time page                  # steps.input_best_time.InputBestTimeSteps.iAmOnTheInputBestTimePage()
  When I click the "unscheduled" filter button            # steps.input_best_time.InputBestTimeSteps.iClickTheFilterButton(java.lang.String)
  Then I can see the "unscheduled" filter active          # steps.input_best_time.InputBestTimeSteps.iCanSeeTheFilterActive(java.lang.String)
]]></system-out>
  </testcase>
  <testcase name="I can use the filter visitable correctly" classname="Input Best Time" time="12.446">
    <system-out><![CDATA[
@InputBestTime
Scenario: I can use the filter visitable correctly        # src/test/resources/features/input-best-time/InputBestTime.feature:136
  Given I am on the ifocus page                           # steps.auth.LoginSteps.iAmOnTheLoginPage()
  Then I should see the login page                        # steps.auth.LoginSteps.iShouldSeeTheLoginPage()
  When I input the credentials                            # steps.auth.LoginSteps.iInputTheCredentials()
  And I click the login button                            # steps.auth.LoginSteps.iClickTheLoginButton()
  Then I should see the dashboard                         # steps.auth.LoginSteps.iShouldSeeTheDashboard()
  When I am on the change rayon page                      # steps.change_rayon.ChangeRayonSteps.iAmOnTheChangeRayonPage()
  Then I should see the change rayon page                 # steps.change_rayon.ChangeRayonSteps.iShouldSeeTheChangeRayonPage()
  And I should see the rayon code input                   # steps.change_rayon.ChangeRayonSteps.iShouldSeeTheRayonCodeInput()
  When I input the rayon code "TGRVIC0103"                # steps.change_rayon.ChangeRayonSteps.iInputTheRayonCode(java.lang.String)
  When I click the change rayon code session button       # steps.change_rayon.ChangeRayonSteps.iClickTheChangeRayonCodeSessionButton()
  Then I should see the change rayon code success message # steps.change_rayon.ChangeRayonSteps.iShouldSeeTheChangeRayonCodeSuccessMessage()
  Given I am on the input best time page                  # steps.input_best_time.InputBestTimeSteps.iAmOnTheInputBestTimePage()
  When I click the "visitable" filter button              # steps.input_best_time.InputBestTimeSteps.iClickTheFilterButton(java.lang.String)
  Then I can see the "visitable" filter active            # steps.input_best_time.InputBestTimeSteps.iCanSeeTheFilterActive(java.lang.String)
]]></system-out>
  </testcase>
  <testcase name="I can search the doctor by name" classname="Input Best Time" time="11.755">
    <system-out><![CDATA[
@InputBestTime
[...]
  And I should see the rayon code input                   # steps.change_rayon.ChangeRayonSteps.iShouldSeeTheRayonCodeInput()
  When I input the rayon code "PMVIC01"                   # steps.change_rayon.ChangeRayonSteps.iInputTheRayonCode(java.lang.String)
  When I click the change rayon code session button       # steps.change_rayon.ChangeRayonSteps.iClickTheChangeRayonCodeSessionButton()
  Then I should see the change rayon code success message # steps.change_rayon.ChangeRayonSteps.iShouldSeeTheChangeRayonCodeSuccessMessage()
  Given I am on the product recomendation page            # steps.product_recomendation.ProductRecomendationSteps.iAmOnTheProductRecomendationPage()
  When I click the add new product recomendation button   # steps.product_recomendation.ProductRecomendationSteps.iClickTheAddNewButton()
  Then I should see the create product recomendation page # steps.product_recomendation.ProductRecomendationSteps.iShouldSeeTheCreateProductRecomendationPage()
]]></system-out>
  </testcase>
  <testcase name="I can see error message when add new product recomendation without input the required field" classname="Product Recomendation" time="8.019">
    <system-out><![CDATA[
@ProductRecomendation
Scenario: I can see error message when add new product recomendation without input the required field # src/test/resources/features/product_recomendation/ProductRecomendation.feature:69
  Given I am on the ifocus page                                                                       # steps.auth.LoginSteps.iAmOnTheLoginPage()
  Then I should see the login page                                                                    # steps.auth.LoginSteps.iShouldSeeTheLoginPage()
  When I input the credentials                                                                        # steps.auth.LoginSteps.iInputTheCredentials()
  And I click the login button                                                                        # steps.auth.LoginSteps.iClickTheLoginButton()
  Then I should see the dashboard                                                                     # steps.auth.LoginSteps.iShouldSeeTheDashboard()
  When I am on the change rayon page                                                                  # steps.change_rayon.ChangeRayonSteps.iAmOnTheChangeRayonPage()
  Then I should see the change rayon page                                                             # steps.change_rayon.ChangeRayonSteps.iShouldSeeTheChangeRayonPage()
  And I should see the rayon code input                                                               # steps.change_rayon.ChangeRayonSteps.iShouldSeeTheRayonCodeInput()
  When I input the rayon code "PMVIC01"                                                               # steps.change_rayon.ChangeRayonSteps.iInputTheRayonCode(java.lang.String)
  When I click the change rayon code session button                                                   # steps.change_rayon.ChangeRayonSteps.iClickTheChangeRayonCodeSessionButton()
  Then I should see the change rayon code success message                                             # steps.change_rayon.ChangeRayonSteps.iShouldSeeTheChangeRayonCodeSuccessMessage()
  Given I am on the product recomendation page                                                        # steps.product_recomendation.ProductRecomendationSteps.iAmOnTheProductRecomendationPage()
  When I click the add new product recomendation button                                               # steps.product_recomendation.ProductRecomendationSteps.iClickTheAddNewButton()
  Then I should see the create product recomendation page                                             # steps.product_recomendation.ProductRecomendationSteps.iShouldSeeTheCreateProductRecomendationPage()
  When I submit the add new product recomendation form                                                # steps.product_recomendation.ProductRecomendationSteps.iSubmitTheAddNewProductRecomendationForm()
  Then I should see the input error message                                                           # steps.call_recomendation.CallRecomendationSteps.iShouldSeeTheErrorMessage()
]]></system-out>
  </testcase>
  <testcase name="I can see error message when add new product recomendation with past date" classname="Product Recomendation" time="21.061">
    <system-out><![CDATA[
@ProductRecomendation
Scenario: I can see error message when add new product recomendation with past date # src/test/resources/features/product_recomendation/ProductRecomendation.feature:76
  Given I am on the ifocus page                                                     # steps.auth.LoginSteps.iAmOnTheLoginPage()
  Then I should see the login page                                                  # steps.auth.LoginSteps.iShouldSeeTheLoginPage()
  When I input the credentials                                                      # steps.auth.LoginSteps.iInputTheCredentials()
  And I click the login button                                                      # steps.auth.LoginSteps.iClickTheLoginButton()
  Then I should see the dashboard                                                   # steps.auth.LoginSteps.iShouldSeeTheDashboard()
  When I am on the change rayon page                                                # steps.change_rayon.ChangeRayonSteps.iAmOnTheChangeRayonPage()
  Then I should see the change rayon page                                           # steps.change_rayon.ChangeRayonSteps.iShouldSeeTheChangeRayonPage()
  And I should see the rayon code input                                             # steps.change_rayon.ChangeRayonSteps.iShouldSeeTheRayonCodeInput()
  When I input the rayon code "PMVIC01"                                             # steps.change_rayon.ChangeRayonSteps.iInputTheRayonCode(java.lang.String)
  When I click the change rayon code session button                                 # steps.change_rayon.ChangeRayonSteps.iClickTheChangeRayonCodeSessionButton()
  Then I should see the change rayon code success message                           # steps.change_rayon.ChangeRayonSteps.iShouldSeeTheChangeRayonCodeSuccessMessage()
  Given I am on the product recomendation page                                      # steps.product_recomendation.ProductRecomendationSteps.iAmOnTheProductRecomendationPage()
  When I click the add new product recomendation button                             # steps.product_recomendation.ProductRecomendationSteps.iClickTheAddNewButton()
  Then I should see the create product recomendation page                           # steps.product_recomendation.ProductRecomendationSteps.iShouldSeeTheCreateProductRecomendationPage()
  When I input valid specialist value of "Drg"                                      # steps.product_recomendation.ProductRecomendationSteps.iInputValidSpecialistValue(java.lang.String)
  And I input valid area                                                            # steps.product_recomendation.ProductRecomendationSteps.iInputValidArea()
  And I input valid product value                                                   # steps.product_recomendation.ProductRecomendationSteps.iInputValidProductValue()
  And I input valid period value of "2024-01-01" to "2024-01-12"                    # steps.product_recomendation.ProductRecomendationSteps.iInputValidPeriodValue(java.lang.String,java.lang.String)
  Then I should see the input error message                                         # steps.call_recomendation.CallRecomendationSteps.iShouldSeeTheErrorMessage()
]]></system-out>
  </testcase>
  <testcase name="I can create new product recomendation" classname="Product Recomendation" time="22.919">
    <system-out><![CDATA[
@ProductRecomendation
Scenario: I can create new product recomendation                                # src/test/resources/features/product_recomendation/ProductRecomendation.feature:86
  Given I am on the ifocus page                                                 # steps.auth.LoginSteps.iAmOnTheLoginPage()
  Then I should see the login page                                              # steps.auth.LoginSteps.iShouldSeeTheLoginPage()
  When I input the credentials                                                  # steps.auth.LoginSteps.iInputTheCredentials()
  And I click the login button                                                  # steps.auth.LoginSteps.iClickTheLoginButton()
  Then I should see the dashboard                                               # steps.auth.LoginSteps.iShouldSeeTheDashboard()
  When I am on the change rayon page                                            # steps.change_rayon.ChangeRayonSteps.iAmOnTheChangeRayonPage()
  Then I should see the change rayon page                                       # steps.change_rayon.ChangeRayonSteps.iShouldSeeTheChangeRayonPage()
  And I should see the rayon code input                                         # steps.change_rayon.ChangeRayonSteps.iShouldSeeTheRayonCodeInput()
  When I input the rayon code "PMVIC01"                                         # steps.change_rayon.ChangeRayonSteps.iInputTheRayonCode(java.lang.String)
  When I click the change rayon code session button                             # steps.change_rayon.ChangeRayonSteps.iClickTheChangeRayonCodeSessionButton()
  Then I should see the change rayon code success message                       # steps.change_rayon.ChangeRayonSteps.iShouldSeeTheChangeRayonCodeSuccessMessage()
  Given I am on the product recomendation page                                  # steps.product_recomendation.ProductRecomendationSteps.iAmOnTheProductRecomendationPage()
  When I click the add new product recomendation button                         # steps.product_recomendation.ProductRecomendationSteps.iClickTheAddNewButton()
  Then I should see the create product recomendation page                       # steps.product_recomendation.ProductRecomendationSteps.iShouldSeeTheCreateProductRecomendationPage()
  When I input valid specialist value of "Drg"                                  # steps.product_recomendation.ProductRecomendationSteps.iInputValidSpecialistValue(java.lang.String)
  And I input valid area                                                        # steps.product_recomendation.ProductRecomendationSteps.iInputValidArea()
  And I input valid product value                                               # steps.product_recomendation.ProductRecomendationSteps.iInputValidProductValue()
  And I input valid period value of "2025-01-01" to "2025-01-12"                # steps.product_recomendation.ProductRecomendationSteps.iInputValidPeriodValue(java.lang.String,java.lang.String)
  Then I should see confirmation modal of product recomendation                 # steps.product_recomendation.ProductRecomendationSteps.iShouldSeeConfirmationModalOfProductRecomendation()
  And I click the confirm button of confirmation modal of product recomendation # steps.product_recomendation.ProductRecomendationSteps.iClickTheConfirmButtonOfConfirmationModalOfProductRecomendation()
Campaign created successfully
  Then I should see the success message                                         # steps.product_recomendation.ProductRecomendationSteps.iShouldSeeTheSuccessMessage()
]]></system-out>
  </testcase>
  <testcase name="I can not input a long note on add new product recomendation" classname="Product Recomendation" time="13.304">
    <system-out><![CDATA[
@ProductRecomendation
Scenario: I can not input a long note on add new product recomendation # src/test/resources/features/product_recomendation/ProductRecomendation.feature:98
  Given I am on the ifocus page                                        # steps.auth.LoginSteps.iAmOnTheLoginPage()
  Then I should see the login page                                     # steps.auth.LoginSteps.iShouldSeeTheLoginPage()
  When I input the credentials                                         # steps.auth.LoginSteps.iInputTheCredentials()
  And I click the login button                                         # steps.auth.LoginSteps.iClickTheLoginButton()
  Then I should see the dashboard                                      # steps.auth.LoginSteps.iShouldSeeTheDashboard()
  When I am on the change rayon page                                   # steps.change_rayon.ChangeRayonSteps.iAmOnTheChangeRayonPage()
  Then I should see the change rayon page                              # steps.change_rayon.ChangeRayonSteps.iShouldSeeTheChangeRayonPage()
  And I should see the rayon code input                                # steps.change_rayon.ChangeRayonSteps.iShouldSeeTheRayonCodeInput()
  When I input the rayon code "PMVIC01"                                # steps.change_rayon.ChangeRayonSteps.iInputTheRayonCode(java.lang.String)
  When I click the change rayon code session button                    # steps.change_rayon.ChangeRayonSteps.iClickTheChangeRayonCodeSessionButton()
  Then I should see the change rayon code success message              # steps.change_rayon.ChangeRayonSteps.iShouldSeeTheChangeRayonCodeSuccessMessage()
  Given I am on the product recomendation page                         # steps.product_recomendation.ProductRecomendationSteps.iAmOnTheProductRecomendationPage()
  When I click the add new product recomendation button                # steps.product_recomendation.ProductRecomendationSteps.iClickTheAddNewButton()
  Then I should see the create product recomendation page              # steps.product_recomendation.ProductRecomendationSteps.iShouldSeeTheCreateProductRecomendationPage()
  When I input a long note                                             # steps.product_recomendation.ProductRecomendationSteps.iInputALongNote()
  Then I should see the note error message                             # steps.product_recomendation.ProductRecomendationSteps.iShouldSeeTheNoteErrorMessage()
]]></system-out>
  </testcase>
  <testcase name="I can add new product recomendation without select line base" classname="Product Recomendation" time="23.629">
    <system-out><![CDATA[
@ProductRecomendation
Scenario: I can add new product recomendation without select line base          # src/test/resources/features/product_recomendation/ProductRecomendation.feature:105
  Given I am on the ifocus page                                                 # steps.auth.LoginSteps.iAmOnTheLoginPage()
  Then I should see the login page                                              # steps.auth.LoginSteps.iShouldSeeTheLoginPage()
  When I input the credentials                                                  # steps.auth.LoginSteps.iInputTheCredentials()
  And I click the login button                                                  # steps.auth.LoginSteps.iClickTheLoginButton()
  Then I should see the dashboard                                               # steps.auth.LoginSteps.iShouldSeeTheDashboard()
  When I am on the change rayon page                                            # steps.change_rayon.ChangeRayonSteps.iAmOnTheChangeRayonPage()
  Then I should see the change rayon page                                       # steps.change_rayon.ChangeRayonSteps.iShouldSeeTheChangeRayonPage()
  And I should see the rayon code input                                         # steps.change_rayon.ChangeRayonSteps.iShouldSeeTheRayonCodeInput()
  When I input the rayon code "PMVIC01"                                         # steps.change_rayon.ChangeRayonSteps.iInputTheRayonCode(java.lang.String)
  When I click the change rayon code session button                             # steps.change_rayon.ChangeRayonSteps.iClickTheChangeRayonCodeSessionButton()
  Then I should see the change rayon code success message                       # steps.change_rayon.ChangeRayonSteps.iShouldSeeTheChangeRayonCodeSuccessMessage()
  Given I am on the product recomendation page                                  # steps.product_recomendation.ProductRecomendationSteps.iAmOnTheProductRecomendationPage()
  When I click the add new product recomendation button                         # steps.product_recomendation.ProductRecomendationSteps.iClickTheAddNewButton()
  Then I should see the create product recomendation page                       # steps.product_recomendation.ProductRecomendationSteps.iShouldSeeTheCreateProductRecomendationPage()
  When I input valid specialist value of "Drg"                                  # steps.product_recomendation.ProductRecomendationSteps.iInputValidSpecialistValue(java.lang.String)
  And I input valid area                                                        # steps.product_recomendation.ProductRecomendationSteps.iInputValidArea()
  And I input valid product value                                               # steps.product_recomendation.ProductRecomendationSteps.iInputValidProductValue()
  And I input valid period value of "2025-01-01" to "2025-01-12"                # steps.product_recomendation.ProductRecomendationSteps.iInputValidPeriodValue(java.lang.String,java.lang.String)
  Then I should see confirmation modal of product recomendation                 # steps.product_recomendation.ProductRecomendationSteps.iShouldSeeConfirmationModalOfProductRecomendation()
  And I click the confirm button of confirmation modal of product recomendation # steps.product_recomendation.ProductRecomendationSteps.iClickTheConfirmButtonOfConfirmationModalOfProductRecomendation()
Campaign created successfully
  Then I should see the success message                                         # steps.product_recomendation.ProductRecomendationSteps.iShouldSeeTheSuccessMessage()
]]></system-out>
  </testcase>
  <testcase name="I can not see the approval product recomendation page" classname="Product Recomendation" time="9.949">
    <system-out><![CDATA[
@ProductRecomendation
Scenario: I can not see the approval product recomendation page         # src/test/resources/features/product_recomendation/ProductRecomendation.feature:117
  Given I am on the ifocus page                                         # steps.auth.LoginSteps.iAmOnTheLoginPage()
  Then I should see the login page                                      # steps.auth.LoginSteps.iShouldSeeTheLoginPage()
  When I input the credentials                                          # steps.auth.LoginSteps.iInputTheCredentials()
  And I click the login button                                          # steps.auth.LoginSteps.iClickTheLoginButton()
  Then I should see the dashboard                                       # steps.auth.LoginSteps.iShouldSeeTheDashboard()
  When I am on the change rayon page                                    # steps.change_rayon.ChangeRayonSteps.iAmOnTheChangeRayonPage()
  Then I should see the change rayon page                               # steps.change_rayon.ChangeRayonSteps.iShouldSeeTheChangeRayonPage()
  And I should see the rayon code input                                 # steps.change_rayon.ChangeRayonSteps.iShouldSeeTheRayonCodeInput()
  When I input the rayon code "PMVIC01"                                 # steps.change_rayon.ChangeRayonSteps.iInputTheRayonCode(java.lang.String)
  When I click the change rayon code session button                     # steps.change_rayon.ChangeRayonSteps.iClickTheChangeRayonCodeSessionButton()
  Then I should see the change rayon code success message               # steps.change_rayon.ChangeRayonSteps.iShouldSeeTheChangeRayonCodeSuccessMessage()
  Given I am on the approval product recomendation page                 # steps.product_recomendation.ApprovalProductRecomendationSteps.iAmOnTheApprovalProductRecomendationPage()
  Then I click the search button of approval product recomendation page # steps.product_recomendation.ApprovalProductRecomendationSteps.iClickTheSearchButtonOfApprovalProductRecomendationPage()
  Then I should see unauthenticated message                             # steps.product_recomendation.ApprovalProductRecomendationSteps.iShouldSeeUnauthenticatedMessage()
]]></system-out>
  </testcase>
</testsuite>